<?xml version="1.0" encoding="UTF-8"?>
<testng-results ignored="0" total="1" passed="1" failed="0" skipped="0">
  <reporter-output>
  </reporter-output>
  <suite started-at="2023-11-12T17:49:28 BDT" name="Suite" finished-at="2023-11-12T17:51:05 BDT" duration-ms="97146">
    <groups>
    </groups>
    <test started-at="2023-11-12T17:49:28 BDT" name="Test" finished-at="2023-11-12T17:51:05 BDT" duration-ms="97146">
      <class name="TestCases.PlaceOrder">
        <test-method is-config="true" signature="SetupDriver()[pri:0, instance:TestCases.PlaceOrder@202b0582]" started-at="2023-11-12T17:49:14 BDT" name="SetupDriver" finished-at="2023-11-12T17:49:28 BDT" duration-ms="14574" status="PASS">
          <reporter-output>
          </reporter-output>
        </test-method> <!-- SetupDriver -->
        <test-method signature="OrderReplace()[pri:0, instance:TestCases.PlaceOrder@202b0582]" started-at="2023-11-12T17:49:28 BDT" name="OrderReplace" description="Scenario 02 : Given: Mike go to shopping cart by clicking top cart icon
When: Mike click checkout button from shopping cart page
And: Mike select checkout as guest from shopping cart page
Then: Mike input all the details in checkout billing details page and click continue
And: Mike select &quot;Next Day Air&quot; as shipping method and click continue
And: Mike select &quot;Check/Money Order&quot; as payment method and click continue
And: Mike click next button on payment information page
Then: Mike click confirm button to place the order
And: Verify order place successfully with popup message &quot;Your order has been successfully processed!&quot;" finished-at="2023-11-12T17:51:05 BDT" duration-ms="96966" status="PASS">
          <reporter-output>
          </reporter-output>
        </test-method> <!-- OrderReplace -->
        <test-method is-config="true" signature="quitDriver()[pri:0, instance:TestCases.PlaceOrder@202b0582]" started-at="2023-11-12T17:51:05 BDT" name="quitDriver" finished-at="2023-11-12T17:51:06 BDT" duration-ms="567" status="PASS">
          <reporter-output>
          </reporter-output>
        </test-method> <!-- quitDriver -->
      </class> <!-- TestCases.PlaceOrder -->
    </test> <!-- Test -->
  </suite> <!-- Suite -->
</testng-results>
